<?xml version="1.0" encoding="UTF-8"?>
<!-- Generated by org.testng.reporters.JUnitXMLReporter -->
<testsuite hostname="maha-PC" ignored="3" name="Customer" tests="4" failures="1" timestamp="12 Feb 2019 01:52:25 GMT" time="0.166" errors="0">
  <testcase name="createCustomer" time="0.027" classname="demo.basic.TestNGDemo"/>
  <testcase name="editCustomer" time="0.002" classname="demo.basic.TestNGDemo"/>
  <testcase name="addPhoto" time="0.01" classname="demo.basic.TestNGDemotwo">
    <failure type="java.lang.AssertionError" message="expected [false] but found [true]">
      <![CDATA[java.lang.AssertionError: expected [false] but found [true]
at demo.basic.TestNGDemotwo.addPhoto(TestNGDemotwo.java:11)
... Removed 31 stack frames]]>
    </failure>
  </testcase> <!-- addPhoto -->
  <testcase name="deleteCustomer" time="0.001" classname="demo.basic.TestNGDemo"/>
  <testcase name="loginTest" time="0.0" classname="demo.basic.TestNGDemo">
    <ignored/>
  </testcase> <!-- loginTest -->
  <testcase name="loginTestGetTitle" time="0.0" classname="demo.basic.TestNGDemo">
    <ignored/>
  </testcase> <!-- loginTestGetTitle -->
  <testcase name="logOutTest" time="0.0" classname="demo.basic.TestNGDemo">
    <ignored/>
  </testcase> <!-- logOutTest -->
</testsuite> <!-- Customer -->
