<?xml version="1.0" encoding="UTF-8"?>
<!-- Generated by org.testng.reporters.JUnitXMLReporter -->
<testsuite hostname="LAPTOP-4H3UEKUH" ignored="3" name="TestngFirst" tests="3" failures="0" timestamp="14 Jun 2023 08:11:33 GMT" time="38.593" errors="0">
  <testcase name="loginTestGetTitle" time="0.024" classname="demo.basic.TestNGDemo"/>
  <testcase name="logOutTest" time="30.096" classname="demo.basic.TestNGDemo"/>
  <testcase name="loginTest" time="32.478" classname="demo.basic.TestNGDemo"/>
  <testcase name="deleteCustomer" time="0.0" classname="demo.basic.TestNGDemo">
    <ignored/>
  </testcase> <!-- deleteCustomer -->
  <testcase name="createCustomer" time="0.0" classname="demo.basic.TestNGDemo">
    <ignored/>
  </testcase> <!-- createCustomer -->
  <testcase name="editCustomer" time="0.0" classname="demo.basic.TestNGDemo">
    <ignored/>
  </testcase> <!-- editCustomer -->
</testsuite> <!-- TestngFirst -->
