<?xml version="1.0" encoding="UTF-8"?>
<!-- Generated by org.testng.reporters.JUnitXMLReporter -->
<testsuite hostname="DESKTOP-P2PCEEJ" ignored="3" name="Customer Scenario" tests="3" failures="0" timestamp="14 May 2020 00:45:57 GMT" time="0.082" errors="0">
  <testcase name="createCustomer" time="0.005" classname="demo.basic.TestNGDemo"/>
  <testcase name="editCustomer" time="0.012" classname="demo.basic.TestNGDemo"/>
  <testcase name="deleteCustomer" time="0.01" classname="demo.basic.TestNGDemo"/>
  <testcase name="loginTest" time="0.0" classname="demo.basic.TestNGDemo">
    <ignored/>
  </testcase> <!-- loginTest -->
  <testcase name="loginTestGetTitle" time="0.0" classname="demo.basic.TestNGDemo">
    <ignored/>
  </testcase> <!-- loginTestGetTitle -->
  <testcase name="logOutTest" time="0.0" classname="demo.basic.TestNGDemo">
    <ignored/>
  </testcase> <!-- logOutTest -->
</testsuite> <!-- Customer Scenario -->
