<?xml version="1.0" encoding="UTF-8"?>
<!-- Generated by org.testng.reporters.JUnitXMLReporter -->
<testsuite hostname="DESKTOP-P2PCEEJ" ignored="4" name="Login Scenario" tests="2" failures="0" timestamp="14 May 2020 00:45:57 GMT" time="1.173" errors="0">
  <testcase name="loginTest" time="1.075" classname="demo.basic.TestNGDemo"/>
  <testcase name="loginTestGetTitle" time="0.047" classname="demo.basic.TestNGDemo"/>
  <testcase name="deleteCustomer" time="0.0" classname="demo.basic.TestNGDemo">
    <ignored/>
  </testcase> <!-- deleteCustomer -->
  <testcase name="createCustomer" time="0.0" classname="demo.basic.TestNGDemo">
    <ignored/>
  </testcase> <!-- createCustomer -->
  <testcase name="editCustomer" time="0.0" classname="demo.basic.TestNGDemo">
    <ignored/>
  </testcase> <!-- editCustomer -->
  <testcase name="logOutTest" time="0.0" classname="demo.basic.TestNGDemo">
    <ignored/>
  </testcase> <!-- logOutTest -->
</testsuite> <!-- Login Scenario -->
