<?xml version="1.0" encoding="UTF-8"?>
<!-- Generated by org.testng.reporters.JUnitXMLReporter -->
<testsuite hostname="DESKTOP-P2PCEEJ" ignored="5" name="Logout Scenario" tests="1" failures="0" timestamp="14 May 2020 00:46:27 GMT" time="30.041" errors="0">
  <testcase name="logOutTest" time="30.035" classname="demo.basic.TestNGDemo"/>
  <testcase name="loginTest" time="0.0" classname="demo.basic.TestNGDemo">
    <ignored/>
  </testcase> <!-- loginTest -->
  <testcase name="deleteCustomer" time="0.0" classname="demo.basic.TestNGDemo">
    <ignored/>
  </testcase> <!-- deleteCustomer -->
  <testcase name="loginTestGetTitle" time="0.0" classname="demo.basic.TestNGDemo">
    <ignored/>
  </testcase> <!-- loginTestGetTitle -->
  <testcase name="createCustomer" time="0.0" classname="demo.basic.TestNGDemo">
    <ignored/>
  </testcase> <!-- createCustomer -->
  <testcase name="editCustomer" time="0.0" classname="demo.basic.TestNGDemo">
    <ignored/>
  </testcase> <!-- editCustomer -->
</testsuite> <!-- Logout Scenario -->
