<?xml version="1.0" encoding="UTF-8"?>
<!-- Generated by org.testng.reporters.JUnitXMLReporter -->
<testsuite hostname="maha-PC" ignored="3" name="TestngFirst" tests="3" failures="0" timestamp="20 Dec 2019 15:51:35 GMT" time="62.496" errors="0">
  <testcase name="loginTest" time="5.091" classname="demo.basic.TestNGDemo"/>
  <testcase name="loginTestGetTitle" time="10.373" classname="demo.basic.TestNGDemo"/>
  <testcase name="logOutTest" time="30.178" classname="demo.basic.TestNGDemo"/>
  <testcase name="deleteCustomer" time="0.0" classname="demo.basic.TestNGDemo">
    <ignored/>
  </testcase> <!-- deleteCustomer -->
  <testcase name="createCustomer" time="0.0" classname="demo.basic.TestNGDemo">
    <ignored/>
  </testcase> <!-- createCustomer -->
  <testcase name="editCustomer" time="0.0" classname="demo.basic.TestNGDemo">
    <ignored/>
  </testcase> <!-- editCustomer -->
</testsuite> <!-- TestngFirst -->
