<?xml version="1.0" encoding="UTF-8"?>
<!-- Generated by org.testng.reporters.JUnitXMLReporter -->
<testsuite hostname="LAPTOP-4H3UEKUH" ignored="0" name="Default test" tests="6" failures="0" timestamp="14 Jun 2023 07:56:59 GMT" time="31.969" errors="0">
  <testcase name="createCustomer" time="0.007" classname="demo.basic.TestNGDemo"/>
  <testcase name="deleteCustomer" time="0.019" classname="demo.basic.TestNGDemo"/>
  <testcase name="editCustomer" time="0.002" classname="demo.basic.TestNGDemo"/>
  <testcase name="loginTest" time="1.777" classname="demo.basic.TestNGDemo"/>
  <testcase name="loginTestGetTitle" time="0.024" classname="demo.basic.TestNGDemo"/>
  <testcase name="logOutTest" time="30.086" classname="demo.basic.TestNGDemo"/>
</testsuite> <!-- Default test -->
